<?xml version="1.0" encoding="UTF-8"?>
<testng-results total="1" passed="1" failed="0" skipped="0">
  <reporter-output>
  </reporter-output>
  <suite started-at="2022-02-08T03:52:14Z" name="Default suite" finished-at="2022-02-08T03:52:32Z" duration-ms="17093">
    <groups>
    </groups>
    <test started-at="2022-02-08T03:52:14Z" name="Default test" finished-at="2022-02-08T03:52:32Z" duration-ms="17093">
      <class name="com.jq.seleninu.test.Justpra">
        <test-method signature="testone()[pri:0, instance:com.jq.seleninu.test.Justpra@56c4278e]" started-at="2022-02-07T22:52:14Z" name="testone" finished-at="2022-02-07T22:52:32Z" duration-ms="17079" status="PASS">
          <reporter-output>
          </reporter-output>
        </test-method> <!-- testone -->
      </class> <!-- com.jq.seleninu.test.Justpra -->
    </test> <!-- Default test -->
  </suite> <!-- Default suite -->
</testng-results>
